<?xml version="1.0" encoding="utf-8" standalone="no"?>
<!--This file represents the results of running a test suite-->
<test-results name="C:\Users\Naura Bilqies\Documents\KULIAH SINDHI\Semester 3\2. Pemrograman Lanjut\Modul Praktikum 5\02 tugas\TugasLibraryUnitTest\bin\Debug\TugasLibraryUnitTest.dll" total="2" errors="0" failures="0" not-run="0" inconclusive="0" ignored="0" skipped="0" invalid="0" date="2021-10-28" time="22:42:01">
  <environment nunit-version="2.6.4.14350" clr-version="2.0.50727.8806" os-version="Microsoft Windows NT 6.1.7601 Service Pack 1" platform="Win32NT" cwd="C:\tools-testing" machine-name="BONIFATIUSSW" user="Naura Bilqies" user-domain="BONIFATIUSSW" />
  <culture-info current-culture="id-ID" current-uiculture="en-US" />
  <test-suite type="Assembly" name="C:\Users\Naura Bilqies\Documents\KULIAH SINDHI\Semester 3\2. Pemrograman Lanjut\Modul Praktikum 5\02 tugas\TugasLibraryUnitTest\bin\Debug\TugasLibraryUnitTest.dll" executed="True" result="Success" success="True" time="0.240" asserts="0">
    <results>
      <test-suite type="Namespace" name="TugasLibraryUnitTest" executed="True" result="Success" success="True" time="0.210" asserts="0">
        <results>
          <test-suite type="TestFixture" name="DayTest" executed="True" result="Success" success="True" time="0.113" asserts="0">
            <results>
              <test-case name="TugasLibraryUnitTest.DayTest.NameOfDayTest" executed="True" result="Success" success="True" time="0.077" asserts="7" />
            </results>
          </test-suite>
          <test-suite type="TestFixture" name="UserTest" executed="True" result="Success" success="True" time="0.011" asserts="0">
            <results>
              <test-case name="TugasLibraryUnitTest.UserTest.TestUserValid" executed="True" result="Success" success="True" time="0.007" asserts="1" />
            </results>
          </test-suite>
        </results>
      </test-suite>
    </results>
  </test-suite>
</test-results>